Arguments: 
  /usr/local/bin/node /usr/local/bin/yarn add @types/fs

PATH: 
  /usr/local/bin:/usr/bin:/bin:/usr/sbin:/sbin

Yarn version: 
  1.17.3

Node version: 
  10.16.0

Platform: 
  darwin x64

Trace: 
  Error: https://registry.yarnpkg.com/@types%2ffs: Not found
      at Request.params.callback [as _callback] (/usr/local/lib/node_modules/yarn/lib/cli.js:66830:18)
      at Request.self.callback (/usr/local/lib/node_modules/yarn/lib/cli.js:140464:22)
      at Request.emit (events.js:198:13)
      at Request.<anonymous> (/usr/local/lib/node_modules/yarn/lib/cli.js:141436:10)
      at Request.emit (events.js:198:13)
      at IncomingMessage.<anonymous> (/usr/local/lib/node_modules/yarn/lib/cli.js:141358:12)
      at Object.onceWrapper (events.js:286:20)
      at IncomingMessage.emit (events.js:203:15)
      at endReadableNT (_stream_readable.js:1129:12)
      at process._tickCallback (internal/process/next_tick.js:63:19)

npm manifest: 
  {
    "name": "@lowinc/createfile",
    "version": "1.0.2",
    "description": "nodejs tools",
    "main": "./app.js",
    "bin": {
      "lowincCreatefile": "./app.js"
    },
    "author": "",
    "license": "ISC",
    "dependencies": {
      "@types/es6-promisify": "^6.0.0",
      "es6-promisify": "^6.0.2",
      "fs": "^0.0.1-security",
      "mkdirp": "^0.5.1"
    },
    "devDependencies": {},
    "repository": {
      "type": "git",
      "url": "git@gitee.com:olddriverqige/Templater.git"
    }
  }

yarn manifest: 
  No manifest

Lockfile: 
  # THIS IS AN AUTOGENERATED FILE. DO NOT EDIT THIS FILE DIRECTLY.
  # yarn lockfile v1
  
  
  "@types/es6-promisify@^6.0.0":
    version "6.0.0"
    resolved "https://registry.yarnpkg.com/@types/es6-promisify/-/es6-promisify-6.0.0.tgz#a554e8c9c28466720a96b20c9f6b139249b7d375"
    integrity sha512-w3eB2FfE60gHeUTWT65G/FsTlqOAl8qZeyDGxAniF4oS7T6acQ7uvtGKQlCIQNOGh6r21A/3mBASNzy8Tbx+hg==
  
  es6-promisify@^6.0.2:
    version "6.0.2"
    resolved "https://registry.yarnpkg.com/es6-promisify/-/es6-promisify-6.0.2.tgz#525c23725b8510f5f1f2feb5a1fbad93a93e29b4"
    integrity sha512-eO6vFm0JvqGzjWIQA6QVKjxpmELfhWbDUWHm1rPfIbn55mhKPiAa5xpLmQWJrNa629ZIeQ8ZvMAi13kvrjK6Mg==
  
  fs@^0.0.1-security:
    version "0.0.1-security"
    resolved "https://registry.yarnpkg.com/fs/-/fs-0.0.1-security.tgz#8a7bd37186b6dddf3813f23858b57ecaaf5e41d4"
    integrity sha1-invTcYa23d84E/I4WLV+yq9eQdQ=
  
  minimist@0.0.8:
    version "0.0.8"
    resolved "https://registry.yarnpkg.com/minimist/-/minimist-0.0.8.tgz#857fcabfc3397d2625b8228262e86aa7a011b05d"
    integrity sha1-hX/Kv8M5fSYluCKCYuhqp6ARsF0=
  
  mkdirp@^0.5.1:
    version "0.5.1"
    resolved "https://registry.yarnpkg.com/mkdirp/-/mkdirp-0.5.1.tgz#30057438eac6cf7f8c4767f38648d6697d75c903"
    integrity sha1-MAV0OOrGz3+MR2fzhkjWaX11yQM=
    dependencies:
      minimist "0.0.8"
